<html>
<head>
<title>TestNG:  Test</title>
<link href="../testng.css" rel="stylesheet" type="text/css" />
<link href="../my-testng.css" rel="stylesheet" type="text/css" />

<style type="text/css">
.log { display: none;} 
.stack-trace { display: none;} 
</style>
<script type="text/javascript">
<!--
function flip(e) {
  current = e.style.display;
  if (current == 'block') {
    e.style.display = 'none';
    return 0;
  }
  else {
    e.style.display = 'block';
    return 1;
  }
}

function toggleBox(szDivId, elem, msg1, msg2)
{
  var res = -1;  if (document.getElementById) {
    res = flip(document.getElementById(szDivId));
  }
  else if (document.all) {
    // this is the way old msie versions work
    res = flip(document.all[szDivId]);
  }
  if(elem) {
    if(res == 0) elem.innerHTML = msg1; else elem.innerHTML = msg2;
  }

}

function toggleAllBoxes() {
  if (document.getElementsByTagName) {
    d = document.getElementsByTagName('div');
    for (i = 0; i < d.length; i++) {
      if (d[i].className == 'log') {
        flip(d[i]);
      }
    }
  }
}

// -->
</script>

</head>
<body>
<h2 align='center'>Test</h2><table border='1' align="center">
<tr>
<td>Tests passed/Failed/Skipped:</td><td>0/2/0</td>
</tr><tr>
<td>Started on:</td><td>Mon Jan 08 11:16:02 IST 2024</td>
</tr>
<tr><td>Total time:</td><td>47 seconds (47324 ms)</td>
</tr><tr>
<td>Included groups:</td><td></td>
</tr><tr>
<td>Excluded groups:</td><td></td>
</tr>
</table><p/>
<small><i>(Hover the method name to see the test class name)</i></small><p/>
<table width='100%' border='1' class='invocation-failed'>
<tr><td colspan='4' align='center'><b>FAILED TESTS</b></td></tr>
<tr><td><b>Test method</b></td>
<td><b>Attribute(s)</b></td>
<td width="30%"><b>Exception</b></td>
<td width="10%"><b>Time (seconds)</b></td>
<td><b>Instance</b></td>
</tr>
<tr>
<td title='playwrightpomtests.LoginUserTC.registerUSer()'><b>registerUSer</b><br>Test class: playwrightpomtests.LoginUserTC</td>
<td><div><pre>com.microsoft.playwright.PlaywrightException: Error {
  message=&apos;SyntaxError: Unexpected identifier &apos;Given&apos;
    at eval (&lt;anonymous&gt;)
    at UtilityScript.evaluate (&lt;anonymous&gt;:226:30)
    at UtilityScript.&lt;anonymous&gt; (&lt;anonymous&gt;:1:44)
  name=&apos;Error
  stack=&apos;Error: SyntaxError: Unexpected identifier &apos;Given&apos;
    at eval (&lt;anonymous&gt;)
    at UtilityScript.evaluate (&lt;anonymous&gt;:226:30)
    at UtilityScript.&lt;anonymous&gt; (&lt;anonymous&gt;:1:44)
    at CRExecutionContext.evaluateWithArguments (C:\Users\AKILAN~1\AppData\Local\Temp\playwright-java-6280479536237600992\package\lib\server\chromium\crExecutionContext.js:92:33)
    at async LongStandingScope._race (C:\Users\AKILAN~1\AppData\Local\Temp\playwright-java-6280479536237600992\package\lib\utils\manualPromise.js:96:14)
    at async Object.evaluateExpression (C:\Users\AKILAN~1\AppData\Local\Temp\playwright-java-6280479536237600992\package\lib\server\javascript.js:241:12)
    at async Frame.evaluateExpression (C:\Users\AKILAN~1\AppData\Local\Temp\playwright-java-6280479536237600992\package\lib\server\frames.js:598:19)
    at async FrameDispatcher.evaluateExpression (C:\Users\AKILAN~1\AppData\Local\Temp\playwright-java-6280479536237600992\package\lib\server\dispatchers\frameDispatcher.js:85:55)
    at async LongStandingScope._race (C:\Users\AKILAN~1\AppData\Local\Temp\playwright-java-6280479536237600992\package\lib\utils\manualPromise.js:96:14)
    at async FrameDispatcher._handleCommand (C:\Users\AKILAN~1\AppData\Local\Temp\playwright-java-6280479536237600992\package\lib\server\dispatchers\dispatcher.js:86:14)
    at async DispatcherConnection.dispatch (C:\Users\AKILAN~1\AppData\Local\Temp\playwright-java-6280479536237600992\package\lib\server\dispatchers\dispatcher.js:351:22)
}
	at com.microsoft.playwright.impl.WaitableResult.get(WaitableResult.java:54)
	at com.microsoft.playwright.impl.ChannelOwner.runUntil(ChannelOwner.java:120)
	at com.microsoft.playwright.impl.Connection.sendMessage(Connection.java:129)
	at com.microsoft.playwright.impl.ChannelOwner.sendMessage(ChannelOwner.java:106)
	at com.microsoft.playwright.impl.FrameImpl.evaluateImpl(FrameImpl.java:304)
	at com.microsoft.playwright.impl.PageImpl.lambda$evaluate$22(PageImpl.java:626)
	at com.microsoft.playwright.impl.LoggingSupport.withLogging(LoggingSupport.java:47)
	at com.microsoft.playwright.impl.ChannelOwner.withLogging(ChannelOwner.java:89)
	at com.microsoft.playwright.impl.PageImpl.evaluate(PageImpl.java:626)
	at com.microsoft.playwright.Page.evaluate(Page.java:4253)
	at playwrighttestautomation.PlaywrightConnection.setTestStatus(PlaywrightConnection.java:35)
	at playwrightpomtests.LoginUserTC.registerUSer(LoginUserTC.java:45)
	at java.base/java.util.ArrayList.forEach(ArrayList.java:1511)
Caused by: com.microsoft.playwright.impl.DriverException: Error {
  message=&apos;SyntaxError: Unexpected identifier &apos;Given&apos;
    at eval (&lt;anonymous&gt;)
    at UtilityScript.evaluate (&lt;anonymous&gt;:226:30)
    at UtilityScript.&lt;anonymous&gt; (&lt;anonymous&gt;:1:44)
  name=&apos;Error
  stack=&apos;Error: SyntaxError: Unexpected identifier &apos;Given&apos;
    at eval (&lt;anonymous&gt;)
    at UtilityScript.evaluate (&lt;anonymous&gt;:226:30)
    at UtilityScript.&lt;anonymous&gt; (&lt;anonymous&gt;:1:44)
    at CRExecutionContext.evaluateWithArguments (C:\Users\AKILAN~1\AppData\Local\Temp\playwright-java-6280479536237600992\package\lib\server\chromium\crExecutionContext.js:92:33)
    at async LongStandingScope._race (C:\Users\AKILAN~1\AppData\Local\Temp\playwright-java-6280479536237600992\package\lib\utils\manualPromise.js:96:14)
    at async Object.evaluateExpression (C:\Users\AKILAN~1\AppData\Local\Temp\playwright-java-6280479536237600992\package\lib\server\javascript.js:241:12)
    at async Frame.evaluateExpression (C:\Users\AKILAN~1\AppData\Local\Temp\playwright-java-6280479536237600992\package\lib\server\frames.js:598:19)
    at async FrameDispatcher.evaluateExpression (C:\Users\AKILAN~1\AppData\Local\Temp\playwright-java-6280479536237600992\package\lib\server\dispatchers\frameDispatcher.js:85:55)
    at async LongStandingScope._race (C:\Users\AKILAN~1\AppData\Local\Temp\playwright-java-6280479536237600992\package\lib\utils\manualPromise.js:96:14)
    at async FrameDispatcher._handleCommand (C:\Users\AKILAN~1\AppData\Local\Temp\playwright-java-6280479536237600992\package\lib\server\dispatchers\dispatcher.js:86:14)
    at async DispatcherConnection.dispatch (C:\Users\AKILAN~1\AppData\Local\Temp\playwright-java-6280479536237600992\package\lib\server\dispatchers\dispatcher.js:351:22)
}
	at com.microsoft.playwright.impl.Connection.dispatch(Connection.java:257)
	at com.microsoft.playwright.impl.Connection.processOneMessage(Connection.java:209)
	at com.microsoft.playwright.impl.ChannelOwner.runUntil(ChannelOwner.java:118)
	... 38 more
... Removed 27 stack frames</pre></div><a href='#' onClick='toggleBox("stack-trace1670993182", this, "Click to show all stack frames", "Click to hide stack frames")'>Click to show all stack frames</a>
<div class='stack-trace' id='stack-trace1670993182'><pre>com.microsoft.playwright.PlaywrightException: Error {
  message=&apos;SyntaxError: Unexpected identifier &apos;Given&apos;
    at eval (&lt;anonymous&gt;)
    at UtilityScript.evaluate (&lt;anonymous&gt;:226:30)
    at UtilityScript.&lt;anonymous&gt; (&lt;anonymous&gt;:1:44)
  name=&apos;Error
  stack=&apos;Error: SyntaxError: Unexpected identifier &apos;Given&apos;
    at eval (&lt;anonymous&gt;)
    at UtilityScript.evaluate (&lt;anonymous&gt;:226:30)
    at UtilityScript.&lt;anonymous&gt; (&lt;anonymous&gt;:1:44)
    at CRExecutionContext.evaluateWithArguments (C:\Users\AKILAN~1\AppData\Local\Temp\playwright-java-6280479536237600992\package\lib\server\chromium\crExecutionContext.js:92:33)
    at async LongStandingScope._race (C:\Users\AKILAN~1\AppData\Local\Temp\playwright-java-6280479536237600992\package\lib\utils\manualPromise.js:96:14)
    at async Object.evaluateExpression (C:\Users\AKILAN~1\AppData\Local\Temp\playwright-java-6280479536237600992\package\lib\server\javascript.js:241:12)
    at async Frame.evaluateExpression (C:\Users\AKILAN~1\AppData\Local\Temp\playwright-java-6280479536237600992\package\lib\server\frames.js:598:19)
    at async FrameDispatcher.evaluateExpression (C:\Users\AKILAN~1\AppData\Local\Temp\playwright-java-6280479536237600992\package\lib\server\dispatchers\frameDispatcher.js:85:55)
    at async LongStandingScope._race (C:\Users\AKILAN~1\AppData\Local\Temp\playwright-java-6280479536237600992\package\lib\utils\manualPromise.js:96:14)
    at async FrameDispatcher._handleCommand (C:\Users\AKILAN~1\AppData\Local\Temp\playwright-java-6280479536237600992\package\lib\server\dispatchers\dispatcher.js:86:14)
    at async DispatcherConnection.dispatch (C:\Users\AKILAN~1\AppData\Local\Temp\playwright-java-6280479536237600992\package\lib\server\dispatchers\dispatcher.js:351:22)
}
	at com.microsoft.playwright.impl.WaitableResult.get(WaitableResult.java:54)
	at com.microsoft.playwright.impl.ChannelOwner.runUntil(ChannelOwner.java:120)
	at com.microsoft.playwright.impl.Connection.sendMessage(Connection.java:129)
	at com.microsoft.playwright.impl.ChannelOwner.sendMessage(ChannelOwner.java:106)
	at com.microsoft.playwright.impl.FrameImpl.evaluateImpl(FrameImpl.java:304)
	at com.microsoft.playwright.impl.PageImpl.lambda$evaluate$22(PageImpl.java:626)
	at com.microsoft.playwright.impl.LoggingSupport.withLogging(LoggingSupport.java:47)
	at com.microsoft.playwright.impl.ChannelOwner.withLogging(ChannelOwner.java:89)
	at com.microsoft.playwright.impl.PageImpl.evaluate(PageImpl.java:626)
	at com.microsoft.playwright.Page.evaluate(Page.java:4253)
	at playwrighttestautomation.PlaywrightConnection.setTestStatus(PlaywrightConnection.java:35)
	at playwrightpomtests.LoginUserTC.registerUSer(LoginUserTC.java:45)
	at java.base/jdk.internal.reflect.NativeMethodAccessorImpl.invoke0(Native Method)
	at java.base/jdk.internal.reflect.NativeMethodAccessorImpl.invoke(NativeMethodAccessorImpl.java:77)
	at java.base/jdk.internal.reflect.DelegatingMethodAccessorImpl.invoke(DelegatingMethodAccessorImpl.java:43)
	at java.base/java.lang.reflect.Method.invoke(Method.java:568)
	at org.testng.internal.invokers.MethodInvocationHelper.invokeMethod(MethodInvocationHelper.java:139)
	at org.testng.internal.invokers.TestInvoker.invokeMethod(TestInvoker.java:677)
	at org.testng.internal.invokers.TestInvoker.invokeTestMethod(TestInvoker.java:221)
	at org.testng.internal.invokers.MethodRunner.runInSequence(MethodRunner.java:50)
	at org.testng.internal.invokers.TestInvoker$MethodInvocationAgent.invoke(TestInvoker.java:962)
	at org.testng.internal.invokers.TestInvoker.invokeTestMethods(TestInvoker.java:194)
	at org.testng.internal.invokers.TestMethodWorker.invokeTestMethods(TestMethodWorker.java:148)
	at org.testng.internal.invokers.TestMethodWorker.run(TestMethodWorker.java:128)
	at java.base/java.util.ArrayList.forEach(ArrayList.java:1511)
	at org.testng.TestRunner.privateRun(TestRunner.java:806)
	at org.testng.TestRunner.run(TestRunner.java:601)
	at org.testng.SuiteRunner.runTest(SuiteRunner.java:433)
	at org.testng.SuiteRunner.runSequentially(SuiteRunner.java:427)
	at org.testng.SuiteRunner.privateRun(SuiteRunner.java:387)
	at org.testng.SuiteRunner.run(SuiteRunner.java:330)
	at org.testng.SuiteRunnerWorker.runSuite(SuiteRunnerWorker.java:52)
	at org.testng.SuiteRunnerWorker.run(SuiteRunnerWorker.java:95)
	at org.testng.TestNG.runSuitesSequentially(TestNG.java:1256)
	at org.testng.TestNG.runSuitesLocally(TestNG.java:1176)
	at org.testng.TestNG.runSuites(TestNG.java:1099)
	at org.testng.TestNG.run(TestNG.java:1067)
	at org.testng.remote.AbstractRemoteTestNG.run(AbstractRemoteTestNG.java:115)
	at org.testng.remote.RemoteTestNG.initAndRun(RemoteTestNG.java:251)
	at org.testng.remote.RemoteTestNG.main(RemoteTestNG.java:77)
Caused by: com.microsoft.playwright.impl.DriverException: Error {
  message=&apos;SyntaxError: Unexpected identifier &apos;Given&apos;
    at eval (&lt;anonymous&gt;)
    at UtilityScript.evaluate (&lt;anonymous&gt;:226:30)
    at UtilityScript.&lt;anonymous&gt; (&lt;anonymous&gt;:1:44)
  name=&apos;Error
  stack=&apos;Error: SyntaxError: Unexpected identifier &apos;Given&apos;
    at eval (&lt;anonymous&gt;)
    at UtilityScript.evaluate (&lt;anonymous&gt;:226:30)
    at UtilityScript.&lt;anonymous&gt; (&lt;anonymous&gt;:1:44)
    at CRExecutionContext.evaluateWithArguments (C:\Users\AKILAN~1\AppData\Local\Temp\playwright-java-6280479536237600992\package\lib\server\chromium\crExecutionContext.js:92:33)
    at async LongStandingScope._race (C:\Users\AKILAN~1\AppData\Local\Temp\playwright-java-6280479536237600992\package\lib\utils\manualPromise.js:96:14)
    at async Object.evaluateExpression (C:\Users\AKILAN~1\AppData\Local\Temp\playwright-java-6280479536237600992\package\lib\server\javascript.js:241:12)
    at async Frame.evaluateExpression (C:\Users\AKILAN~1\AppData\Local\Temp\playwright-java-6280479536237600992\package\lib\server\frames.js:598:19)
    at async FrameDispatcher.evaluateExpression (C:\Users\AKILAN~1\AppData\Local\Temp\playwright-java-6280479536237600992\package\lib\server\dispatchers\frameDispatcher.js:85:55)
    at async LongStandingScope._race (C:\Users\AKILAN~1\AppData\Local\Temp\playwright-java-6280479536237600992\package\lib\utils\manualPromise.js:96:14)
    at async FrameDispatcher._handleCommand (C:\Users\AKILAN~1\AppData\Local\Temp\playwright-java-6280479536237600992\package\lib\server\dispatchers\dispatcher.js:86:14)
    at async DispatcherConnection.dispatch (C:\Users\AKILAN~1\AppData\Local\Temp\playwright-java-6280479536237600992\package\lib\server\dispatchers\dispatcher.js:351:22)
}
	at com.microsoft.playwright.impl.Connection.dispatch(Connection.java:257)
	at com.microsoft.playwright.impl.Connection.processOneMessage(Connection.java:209)
	at com.microsoft.playwright.impl.ChannelOwner.runUntil(ChannelOwner.java:118)
	... 38 more
</pre></div></td>
<td>9</td>
<td>playwrightpomtests.LoginUserTC@a530d0a</td></tr>
<tr>
<td title='playwrightpomtests.RegisterUserTC.registerUSer()'><b>registerUSer</b><br>Test class: playwrightpomtests.RegisterUserTC</td>
<td><div><pre>com.microsoft.playwright.PlaywrightException: Error {
  message=&apos;SyntaxError: Unexpected identifier &apos;Given&apos;
    at eval (&lt;anonymous&gt;)
    at UtilityScript.evaluate (&lt;anonymous&gt;:226:30)
    at UtilityScript.&lt;anonymous&gt; (&lt;anonymous&gt;:1:44)
  name=&apos;Error
  stack=&apos;Error: SyntaxError: Unexpected identifier &apos;Given&apos;
    at eval (&lt;anonymous&gt;)
    at UtilityScript.evaluate (&lt;anonymous&gt;:226:30)
    at UtilityScript.&lt;anonymous&gt; (&lt;anonymous&gt;:1:44)
    at CRExecutionContext.evaluateWithArguments (C:\Users\AKILAN~1\AppData\Local\Temp\playwright-java-6280479536237600992\package\lib\server\chromium\crExecutionContext.js:92:33)
    at async LongStandingScope._race (C:\Users\AKILAN~1\AppData\Local\Temp\playwright-java-6280479536237600992\package\lib\utils\manualPromise.js:96:14)
    at async Object.evaluateExpression (C:\Users\AKILAN~1\AppData\Local\Temp\playwright-java-6280479536237600992\package\lib\server\javascript.js:241:12)
    at async Frame.evaluateExpression (C:\Users\AKILAN~1\AppData\Local\Temp\playwright-java-6280479536237600992\package\lib\server\frames.js:598:19)
    at async FrameDispatcher.evaluateExpression (C:\Users\AKILAN~1\AppData\Local\Temp\playwright-java-6280479536237600992\package\lib\server\dispatchers\frameDispatcher.js:85:55)
    at async LongStandingScope._race (C:\Users\AKILAN~1\AppData\Local\Temp\playwright-java-6280479536237600992\package\lib\utils\manualPromise.js:96:14)
    at async FrameDispatcher._handleCommand (C:\Users\AKILAN~1\AppData\Local\Temp\playwright-java-6280479536237600992\package\lib\server\dispatchers\dispatcher.js:86:14)
    at async DispatcherConnection.dispatch (C:\Users\AKILAN~1\AppData\Local\Temp\playwright-java-6280479536237600992\package\lib\server\dispatchers\dispatcher.js:351:22)
}
	at com.microsoft.playwright.impl.WaitableResult.get(WaitableResult.java:54)
	at com.microsoft.playwright.impl.ChannelOwner.runUntil(ChannelOwner.java:120)
	at com.microsoft.playwright.impl.Connection.sendMessage(Connection.java:129)
	at com.microsoft.playwright.impl.ChannelOwner.sendMessage(ChannelOwner.java:106)
	at com.microsoft.playwright.impl.FrameImpl.evaluateImpl(FrameImpl.java:304)
	at com.microsoft.playwright.impl.PageImpl.lambda$evaluate$22(PageImpl.java:626)
	at com.microsoft.playwright.impl.LoggingSupport.withLogging(LoggingSupport.java:47)
	at com.microsoft.playwright.impl.ChannelOwner.withLogging(ChannelOwner.java:89)
	at com.microsoft.playwright.impl.PageImpl.evaluate(PageImpl.java:626)
	at com.microsoft.playwright.Page.evaluate(Page.java:4253)
	at playwrighttestautomation.PlaywrightConnection.setTestStatus(PlaywrightConnection.java:35)
	at playwrightpomtests.RegisterUserTC.registerUSer(RegisterUserTC.java:59)
	at java.base/java.util.ArrayList.forEach(ArrayList.java:1511)
Caused by: com.microsoft.playwright.impl.DriverException: Error {
  message=&apos;SyntaxError: Unexpected identifier &apos;Given&apos;
    at eval (&lt;anonymous&gt;)
    at UtilityScript.evaluate (&lt;anonymous&gt;:226:30)
    at UtilityScript.&lt;anonymous&gt; (&lt;anonymous&gt;:1:44)
  name=&apos;Error
  stack=&apos;Error: SyntaxError: Unexpected identifier &apos;Given&apos;
    at eval (&lt;anonymous&gt;)
    at UtilityScript.evaluate (&lt;anonymous&gt;:226:30)
    at UtilityScript.&lt;anonymous&gt; (&lt;anonymous&gt;:1:44)
    at CRExecutionContext.evaluateWithArguments (C:\Users\AKILAN~1\AppData\Local\Temp\playwright-java-6280479536237600992\package\lib\server\chromium\crExecutionContext.js:92:33)
    at async LongStandingScope._race (C:\Users\AKILAN~1\AppData\Local\Temp\playwright-java-6280479536237600992\package\lib\utils\manualPromise.js:96:14)
    at async Object.evaluateExpression (C:\Users\AKILAN~1\AppData\Local\Temp\playwright-java-6280479536237600992\package\lib\server\javascript.js:241:12)
    at async Frame.evaluateExpression (C:\Users\AKILAN~1\AppData\Local\Temp\playwright-java-6280479536237600992\package\lib\server\frames.js:598:19)
    at async FrameDispatcher.evaluateExpression (C:\Users\AKILAN~1\AppData\Local\Temp\playwright-java-6280479536237600992\package\lib\server\dispatchers\frameDispatcher.js:85:55)
    at async LongStandingScope._race (C:\Users\AKILAN~1\AppData\Local\Temp\playwright-java-6280479536237600992\package\lib\utils\manualPromise.js:96:14)
    at async FrameDispatcher._handleCommand (C:\Users\AKILAN~1\AppData\Local\Temp\playwright-java-6280479536237600992\package\lib\server\dispatchers\dispatcher.js:86:14)
    at async DispatcherConnection.dispatch (C:\Users\AKILAN~1\AppData\Local\Temp\playwright-java-6280479536237600992\package\lib\server\dispatchers\dispatcher.js:351:22)
}
	at com.microsoft.playwright.impl.Connection.dispatch(Connection.java:257)
	at com.microsoft.playwright.impl.Connection.processOneMessage(Connection.java:209)
	at com.microsoft.playwright.impl.ChannelOwner.runUntil(ChannelOwner.java:118)
	... 38 more
... Removed 27 stack frames</pre></div><a href='#' onClick='toggleBox("stack-trace260084831", this, "Click to show all stack frames", "Click to hide stack frames")'>Click to show all stack frames</a>
<div class='stack-trace' id='stack-trace260084831'><pre>com.microsoft.playwright.PlaywrightException: Error {
  message=&apos;SyntaxError: Unexpected identifier &apos;Given&apos;
    at eval (&lt;anonymous&gt;)
    at UtilityScript.evaluate (&lt;anonymous&gt;:226:30)
    at UtilityScript.&lt;anonymous&gt; (&lt;anonymous&gt;:1:44)
  name=&apos;Error
  stack=&apos;Error: SyntaxError: Unexpected identifier &apos;Given&apos;
    at eval (&lt;anonymous&gt;)
    at UtilityScript.evaluate (&lt;anonymous&gt;:226:30)
    at UtilityScript.&lt;anonymous&gt; (&lt;anonymous&gt;:1:44)
    at CRExecutionContext.evaluateWithArguments (C:\Users\AKILAN~1\AppData\Local\Temp\playwright-java-6280479536237600992\package\lib\server\chromium\crExecutionContext.js:92:33)
    at async LongStandingScope._race (C:\Users\AKILAN~1\AppData\Local\Temp\playwright-java-6280479536237600992\package\lib\utils\manualPromise.js:96:14)
    at async Object.evaluateExpression (C:\Users\AKILAN~1\AppData\Local\Temp\playwright-java-6280479536237600992\package\lib\server\javascript.js:241:12)
    at async Frame.evaluateExpression (C:\Users\AKILAN~1\AppData\Local\Temp\playwright-java-6280479536237600992\package\lib\server\frames.js:598:19)
    at async FrameDispatcher.evaluateExpression (C:\Users\AKILAN~1\AppData\Local\Temp\playwright-java-6280479536237600992\package\lib\server\dispatchers\frameDispatcher.js:85:55)
    at async LongStandingScope._race (C:\Users\AKILAN~1\AppData\Local\Temp\playwright-java-6280479536237600992\package\lib\utils\manualPromise.js:96:14)
    at async FrameDispatcher._handleCommand (C:\Users\AKILAN~1\AppData\Local\Temp\playwright-java-6280479536237600992\package\lib\server\dispatchers\dispatcher.js:86:14)
    at async DispatcherConnection.dispatch (C:\Users\AKILAN~1\AppData\Local\Temp\playwright-java-6280479536237600992\package\lib\server\dispatchers\dispatcher.js:351:22)
}
	at com.microsoft.playwright.impl.WaitableResult.get(WaitableResult.java:54)
	at com.microsoft.playwright.impl.ChannelOwner.runUntil(ChannelOwner.java:120)
	at com.microsoft.playwright.impl.Connection.sendMessage(Connection.java:129)
	at com.microsoft.playwright.impl.ChannelOwner.sendMessage(ChannelOwner.java:106)
	at com.microsoft.playwright.impl.FrameImpl.evaluateImpl(FrameImpl.java:304)
	at com.microsoft.playwright.impl.PageImpl.lambda$evaluate$22(PageImpl.java:626)
	at com.microsoft.playwright.impl.LoggingSupport.withLogging(LoggingSupport.java:47)
	at com.microsoft.playwright.impl.ChannelOwner.withLogging(ChannelOwner.java:89)
	at com.microsoft.playwright.impl.PageImpl.evaluate(PageImpl.java:626)
	at com.microsoft.playwright.Page.evaluate(Page.java:4253)
	at playwrighttestautomation.PlaywrightConnection.setTestStatus(PlaywrightConnection.java:35)
	at playwrightpomtests.RegisterUserTC.registerUSer(RegisterUserTC.java:59)
	at java.base/jdk.internal.reflect.NativeMethodAccessorImpl.invoke0(Native Method)
	at java.base/jdk.internal.reflect.NativeMethodAccessorImpl.invoke(NativeMethodAccessorImpl.java:77)
	at java.base/jdk.internal.reflect.DelegatingMethodAccessorImpl.invoke(DelegatingMethodAccessorImpl.java:43)
	at java.base/java.lang.reflect.Method.invoke(Method.java:568)
	at org.testng.internal.invokers.MethodInvocationHelper.invokeMethod(MethodInvocationHelper.java:139)
	at org.testng.internal.invokers.TestInvoker.invokeMethod(TestInvoker.java:677)
	at org.testng.internal.invokers.TestInvoker.invokeTestMethod(TestInvoker.java:221)
	at org.testng.internal.invokers.MethodRunner.runInSequence(MethodRunner.java:50)
	at org.testng.internal.invokers.TestInvoker$MethodInvocationAgent.invoke(TestInvoker.java:962)
	at org.testng.internal.invokers.TestInvoker.invokeTestMethods(TestInvoker.java:194)
	at org.testng.internal.invokers.TestMethodWorker.invokeTestMethods(TestMethodWorker.java:148)
	at org.testng.internal.invokers.TestMethodWorker.run(TestMethodWorker.java:128)
	at java.base/java.util.ArrayList.forEach(ArrayList.java:1511)
	at org.testng.TestRunner.privateRun(TestRunner.java:806)
	at org.testng.TestRunner.run(TestRunner.java:601)
	at org.testng.SuiteRunner.runTest(SuiteRunner.java:433)
	at org.testng.SuiteRunner.runSequentially(SuiteRunner.java:427)
	at org.testng.SuiteRunner.privateRun(SuiteRunner.java:387)
	at org.testng.SuiteRunner.run(SuiteRunner.java:330)
	at org.testng.SuiteRunnerWorker.runSuite(SuiteRunnerWorker.java:52)
	at org.testng.SuiteRunnerWorker.run(SuiteRunnerWorker.java:95)
	at org.testng.TestNG.runSuitesSequentially(TestNG.java:1256)
	at org.testng.TestNG.runSuitesLocally(TestNG.java:1176)
	at org.testng.TestNG.runSuites(TestNG.java:1099)
	at org.testng.TestNG.run(TestNG.java:1067)
	at org.testng.remote.AbstractRemoteTestNG.run(AbstractRemoteTestNG.java:115)
	at org.testng.remote.RemoteTestNG.initAndRun(RemoteTestNG.java:251)
	at org.testng.remote.RemoteTestNG.main(RemoteTestNG.java:77)
Caused by: com.microsoft.playwright.impl.DriverException: Error {
  message=&apos;SyntaxError: Unexpected identifier &apos;Given&apos;
    at eval (&lt;anonymous&gt;)
    at UtilityScript.evaluate (&lt;anonymous&gt;:226:30)
    at UtilityScript.&lt;anonymous&gt; (&lt;anonymous&gt;:1:44)
  name=&apos;Error
  stack=&apos;Error: SyntaxError: Unexpected identifier &apos;Given&apos;
    at eval (&lt;anonymous&gt;)
    at UtilityScript.evaluate (&lt;anonymous&gt;:226:30)
    at UtilityScript.&lt;anonymous&gt; (&lt;anonymous&gt;:1:44)
    at CRExecutionContext.evaluateWithArguments (C:\Users\AKILAN~1\AppData\Local\Temp\playwright-java-6280479536237600992\package\lib\server\chromium\crExecutionContext.js:92:33)
    at async LongStandingScope._race (C:\Users\AKILAN~1\AppData\Local\Temp\playwright-java-6280479536237600992\package\lib\utils\manualPromise.js:96:14)
    at async Object.evaluateExpression (C:\Users\AKILAN~1\AppData\Local\Temp\playwright-java-6280479536237600992\package\lib\server\javascript.js:241:12)
    at async Frame.evaluateExpression (C:\Users\AKILAN~1\AppData\Local\Temp\playwright-java-6280479536237600992\package\lib\server\frames.js:598:19)
    at async FrameDispatcher.evaluateExpression (C:\Users\AKILAN~1\AppData\Local\Temp\playwright-java-6280479536237600992\package\lib\server\dispatchers\frameDispatcher.js:85:55)
    at async LongStandingScope._race (C:\Users\AKILAN~1\AppData\Local\Temp\playwright-java-6280479536237600992\package\lib\utils\manualPromise.js:96:14)
    at async FrameDispatcher._handleCommand (C:\Users\AKILAN~1\AppData\Local\Temp\playwright-java-6280479536237600992\package\lib\server\dispatchers\dispatcher.js:86:14)
    at async DispatcherConnection.dispatch (C:\Users\AKILAN~1\AppData\Local\Temp\playwright-java-6280479536237600992\package\lib\server\dispatchers\dispatcher.js:351:22)
}
	at com.microsoft.playwright.impl.Connection.dispatch(Connection.java:257)
	at com.microsoft.playwright.impl.Connection.processOneMessage(Connection.java:209)
	at com.microsoft.playwright.impl.ChannelOwner.runUntil(ChannelOwner.java:118)
	... 38 more
</pre></div></td>
<td>8</td>
<td>playwrightpomtests.RegisterUserTC@957e06</td></tr>
</table><p>
</body>
</html>