<?xml version="1.0" encoding="UTF-8"?>
<!-- Generated by org.testng.reporters.JUnitReportReporter -->
<testsuite hostname="akilan-18633-gf" failures="0" tests="1" name="playwrightpomtests.RegisterUserTC" time="26.825" errors="1" timestamp="2024-01-08T11:19:49 IST" skipped="0">
  <testcase classname="playwrightpomtests.RegisterUserTC" name="registerUSer" time="26.825">
    <error message="Error {
  message=&#039;SyntaxError: Unexpected identifier &#039;Given&#039;
    at eval (&lt;anonymous&gt;)
    at UtilityScript.evaluate (&lt;anonymous&gt;:226:30)
    at UtilityScript.&lt;anonymous&gt; (&lt;anonymous&gt;:1:44)
  name=&#039;Error
  stack=&#039;Error: SyntaxError: Unexpected identifier &#039;Given&#039;
    at eval (&lt;anonymous&gt;)
    at UtilityScript.evaluate (&lt;anonymous&gt;:226:30)
    at UtilityScript.&lt;anonymous&gt; (&lt;anonymous&gt;:1:44)
    at CRExecutionContext.evaluateWithArguments (C:\Users\AKILAN~1\AppData\Local\Temp\playwright-java-3241920791518933275\package\lib\server\chromium\crExecutionContext.js:92:33)
    at async LongStandingScope._race (C:\Users\AKILAN~1\AppData\Local\Temp\playwright-java-3241920791518933275\package\lib\utils\manualPromise.js:96:14)
    at async Object.evaluateExpression (C:\Users\AKILAN~1\AppData\Local\Temp\playwright-java-3241920791518933275\package\lib\server\javascript.js:241:12)
    at async Frame.evaluateExpression (C:\Users\AKILAN~1\AppData\Local\Temp\playwright-java-3241920791518933275\package\lib\server\frames.js:598:19)
    at async FrameDispatcher.evaluateExpression (C:\Users\AKILAN~1\AppData\Local\Temp\playwright-java-3241920791518933275\package\lib\server\dispatchers\frameDispatcher.js:85:55)
    at async LongStandingScope._race (C:\Users\AKILAN~1\AppData\Local\Temp\playwright-java-3241920791518933275\package\lib\utils\manualPromise.js:96:14)
    at async FrameDispatcher._handleCommand (C:\Users\AKILAN~1\AppData\Local\Temp\playwright-java-3241920791518933275\package\lib\server\dispatchers\dispatcher.js:86:14)
    at async DispatcherConnection.dispatch (C:\Users\AKILAN~1\AppData\Local\Temp\playwright-java-3241920791518933275\package\lib\server\dispatchers\dispatcher.js:351:22)
}" type="com.microsoft.playwright.PlaywrightException">
      <![CDATA[com.microsoft.playwright.PlaywrightException: Error {
  message='SyntaxError: Unexpected identifier 'Given'
    at eval (<anonymous>)
    at UtilityScript.evaluate (<anonymous>:226:30)
    at UtilityScript.<anonymous> (<anonymous>:1:44)
  name='Error
  stack='Error: SyntaxError: Unexpected identifier 'Given'
    at eval (<anonymous>)
    at UtilityScript.evaluate (<anonymous>:226:30)
    at UtilityScript.<anonymous> (<anonymous>:1:44)
    at CRExecutionContext.evaluateWithArguments (C:\Users\AKILAN~1\AppData\Local\Temp\playwright-java-3241920791518933275\package\lib\server\chromium\crExecutionContext.js:92:33)
    at async LongStandingScope._race (C:\Users\AKILAN~1\AppData\Local\Temp\playwright-java-3241920791518933275\package\lib\utils\manualPromise.js:96:14)
    at async Object.evaluateExpression (C:\Users\AKILAN~1\AppData\Local\Temp\playwright-java-3241920791518933275\package\lib\server\javascript.js:241:12)
    at async Frame.evaluateExpression (C:\Users\AKILAN~1\AppData\Local\Temp\playwright-java-3241920791518933275\package\lib\server\frames.js:598:19)
    at async FrameDispatcher.evaluateExpression (C:\Users\AKILAN~1\AppData\Local\Temp\playwright-java-3241920791518933275\package\lib\server\dispatchers\frameDispatcher.js:85:55)
    at async LongStandingScope._race (C:\Users\AKILAN~1\AppData\Local\Temp\playwright-java-3241920791518933275\package\lib\utils\manualPromise.js:96:14)
    at async FrameDispatcher._handleCommand (C:\Users\AKILAN~1\AppData\Local\Temp\playwright-java-3241920791518933275\package\lib\server\dispatchers\dispatcher.js:86:14)
    at async DispatcherConnection.dispatch (C:\Users\AKILAN~1\AppData\Local\Temp\playwright-java-3241920791518933275\package\lib\server\dispatchers\dispatcher.js:351:22)
}
at com.microsoft.playwright.impl.WaitableResult.get(WaitableResult.java:54)
at com.microsoft.playwright.impl.ChannelOwner.runUntil(ChannelOwner.java:120)
at com.microsoft.playwright.impl.Connection.sendMessage(Connection.java:129)
at com.microsoft.playwright.impl.ChannelOwner.sendMessage(ChannelOwner.java:106)
at com.microsoft.playwright.impl.FrameImpl.evaluateImpl(FrameImpl.java:304)
at com.microsoft.playwright.impl.PageImpl.lambda$evaluate$22(PageImpl.java:626)
at com.microsoft.playwright.impl.LoggingSupport.withLogging(LoggingSupport.java:47)
at com.microsoft.playwright.impl.ChannelOwner.withLogging(ChannelOwner.java:89)
at com.microsoft.playwright.impl.PageImpl.evaluate(PageImpl.java:626)
at com.microsoft.playwright.Page.evaluate(Page.java:4253)
at playwrighttestautomation.PlaywrightConnection.setTestStatus(PlaywrightConnection.java:35)
at playwrightpomtests.RegisterUserTC.registerUSer(RegisterUserTC.java:59)
at java.base/jdk.internal.reflect.NativeMethodAccessorImpl.invoke0(Native Method)
at java.base/jdk.internal.reflect.NativeMethodAccessorImpl.invoke(NativeMethodAccessorImpl.java:77)
at java.base/jdk.internal.reflect.DelegatingMethodAccessorImpl.invoke(DelegatingMethodAccessorImpl.java:43)
at java.base/java.lang.reflect.Method.invoke(Method.java:568)
at org.testng.internal.invokers.MethodInvocationHelper.invokeMethod(MethodInvocationHelper.java:139)
at org.testng.internal.invokers.TestInvoker.invokeMethod(TestInvoker.java:677)
at org.testng.internal.invokers.TestInvoker.invokeTestMethod(TestInvoker.java:221)
at org.testng.internal.invokers.MethodRunner.runInSequence(MethodRunner.java:50)
at org.testng.internal.invokers.TestInvoker$MethodInvocationAgent.invoke(TestInvoker.java:962)
at org.testng.internal.invokers.TestInvoker.invokeTestMethods(TestInvoker.java:194)
at org.testng.internal.invokers.TestMethodWorker.invokeTestMethods(TestMethodWorker.java:148)
at org.testng.internal.invokers.TestMethodWorker.run(TestMethodWorker.java:128)
at java.base/java.util.ArrayList.forEach(ArrayList.java:1511)
at org.testng.TestRunner.privateRun(TestRunner.java:806)
at org.testng.TestRunner.run(TestRunner.java:601)
at org.testng.SuiteRunner.runTest(SuiteRunner.java:433)
at org.testng.SuiteRunner.runSequentially(SuiteRunner.java:427)
at org.testng.SuiteRunner.privateRun(SuiteRunner.java:387)
at org.testng.SuiteRunner.run(SuiteRunner.java:330)
at org.testng.SuiteRunnerWorker.runSuite(SuiteRunnerWorker.java:52)
at org.testng.SuiteRunnerWorker.run(SuiteRunnerWorker.java:95)
at org.testng.TestNG.runSuitesSequentially(TestNG.java:1256)
at org.testng.TestNG.runSuitesLocally(TestNG.java:1176)
at org.testng.TestNG.runSuites(TestNG.java:1099)
at org.testng.TestNG.run(TestNG.java:1067)
at org.testng.remote.AbstractRemoteTestNG.run(AbstractRemoteTestNG.java:115)
at org.testng.remote.RemoteTestNG.initAndRun(RemoteTestNG.java:251)
at org.testng.remote.RemoteTestNG.main(RemoteTestNG.java:77)
Caused by: com.microsoft.playwright.impl.DriverException: Error {
  message='SyntaxError: Unexpected identifier 'Given'
    at eval (<anonymous>)
    at UtilityScript.evaluate (<anonymous>:226:30)
    at UtilityScript.<anonymous> (<anonymous>:1:44)
  name='Error
  stack='Error: SyntaxError: Unexpected identifier 'Given'
    at eval (<anonymous>)
    at UtilityScript.evaluate (<anonymous>:226:30)
    at UtilityScript.<anonymous> (<anonymous>:1:44)
    at CRExecutionContext.evaluateWithArguments (C:\Users\AKILAN~1\AppData\Local\Temp\playwright-java-3241920791518933275\package\lib\server\chromium\crExecutionContext.js:92:33)
    at async LongStandingScope._race (C:\Users\AKILAN~1\AppData\Local\Temp\playwright-java-3241920791518933275\package\lib\utils\manualPromise.js:96:14)
    at async Object.evaluateExpression (C:\Users\AKILAN~1\AppData\Local\Temp\playwright-java-3241920791518933275\package\lib\server\javascript.js:241:12)
    at async Frame.evaluateExpression (C:\Users\AKILAN~1\AppData\Local\Temp\playwright-java-3241920791518933275\package\lib\server\frames.js:598:19)
    at async FrameDispatcher.evaluateExpression (C:\Users\AKILAN~1\AppData\Local\Temp\playwright-java-3241920791518933275\package\lib\server\dispatchers\frameDispatcher.js:85:55)
    at async LongStandingScope._race (C:\Users\AKILAN~1\AppData\Local\Temp\playwright-java-3241920791518933275\package\lib\utils\manualPromise.js:96:14)
    at async FrameDispatcher._handleCommand (C:\Users\AKILAN~1\AppData\Local\Temp\playwright-java-3241920791518933275\package\lib\server\dispatchers\dispatcher.js:86:14)
    at async DispatcherConnection.dispatch (C:\Users\AKILAN~1\AppData\Local\Temp\playwright-java-3241920791518933275\package\lib\server\dispatchers\dispatcher.js:351:22)
}
at com.microsoft.playwright.impl.Connection.dispatch(Connection.java:257)
at com.microsoft.playwright.impl.Connection.processOneMessage(Connection.java:209)
at com.microsoft.playwright.impl.ChannelOwner.runUntil(ChannelOwner.java:118)
... 38 more
]]>
    </error>
  </testcase> <!-- registerUSer -->
  <system-out/>
</testsuite> <!-- playwrightpomtests.RegisterUserTC -->
